
0.060764074325562
0.054995059967041
0.04655385017395
0.042572975158691
0.049662113189697
0.055103063583374
0.015310049057007
0.052711009979248
0.060721874237061
0.055413961410522
0.064312934875488
0.027908086776733
0.051250219345093
0.020895957946777
0.084482908248901
0.064798831939697
0.069939851760864
0.052665233612061
0.013976097106934
0.027629137039185
0.055062055587769
0.054100036621094
0.06948184967041
0.062167167663574
0.068268060684204
0.032125949859619
0.041739940643311
0.055054903030396
0.059141159057617
0.074275016784668
0.062956094741821
0.054704904556274
0.054740905761719
0.065252065658569
0.041865110397339
0.061961889266968
0.081860065460205
0.046756029129028
0.042752981185913
0.068267107009888
0.055909872055054
0.055677890777588
0.022858858108521
0.028038024902344
0.015998840332031
0.032355070114136
0.02856707572937
0.017299890518188
0.043751001358032
0.074208974838257
0.037256002426147
0.036182880401611
0.038712978363037
0.04669713973999
0.04271411895752
0.045146942138672
0.057372808456421
0.078964948654175
0.087204933166504
0.035477161407471
0.068985939025879
0.034929037094116
0.027206897735596
0.022017002105713
0.020886898040771
0.048512935638428
0.019963979721069
0.051074981689453
0.037324905395508
0.048653841018677
0.09608006477356
0.049165964126587
0.067868947982788
0.054513931274414
0.081775903701782
0.086296081542969
0.080425024032593
0.063390970230103
0.079400777816772
0.052809000015259
0.034343004226685
0.067285060882568
0.064579010009766
0.046697854995728
0.047378063201904
0.029649019241333
0.049401998519897
0.045938968658447
0.056027889251709
0.029844045639038
0.03257417678833
0.046587944030762
0.073657989501953
0.040012121200562
0.074331998825073
0.050524950027466
0.036015033721924
0.062903881072998
0.026885032653809
0.052747011184692
0.081812143325806
0.046226978302002
0.027417898178101
