15-08-2021 23:52:13 Покупка: 281579 не сформирован чек
string(1572) "<!DOCTYPE html>
<html lang="en">
    <head>
        <meta charset="utf-8">
        <meta name="viewport" content="width=device-width, initial-scale=1">

        <title>Service Unavailable</title>

        <!-- Fonts -->
        <link rel="dns-prefetch" href="//fonts.gstatic.com">
        <link href="https://fonts.googleapis.com/css?family=Nunito" rel="stylesheet">

        <!-- Styles -->
        <style>
            html, body {
                background-color: #fff;
                color: #636b6f;
                font-family: 'Nunito', sans-serif;
                font-weight: 100;
                height: 100vh;
                margin: 0;
            }

            .full-height {
                height: 100vh;
            }

            .flex-center {
                align-items: center;
                display: flex;
                justify-content: center;
            }

            .position-ref {
                position: relative;
            }

            .code {
                border-right: 2px solid;
                font-size: 26px;
                padding: 0 15px 0 15px;
                text-align: center;
            }

            .message {
                font-size: 18px;
                text-align: center;
            }
        </style>
    </head>
    <body>
        <div class="flex-center position-ref full-height">
            <div class="code">
                503            </div>

            <div class="message" style="padding: 10px;">
                Service Unavailable            </div>
        </div>
    </body>
</html>
"

24-08-2021 22:08:46 Покупка: 281754 не сформирован чек
string(42) "{"result":"1001","message":"invalid sign"}"

25-08-2021 09:18:10 Покупка: 281754 не сформирован чек
string(42) "{"result":"1001","message":"invalid sign"}"

02-09-2021 11:49:36 Покупка: 281961 не сформирован чек
string(42) "{"result":"1001","message":"invalid sign"}"

23-09-2021 10:06:28 Покупка: 282353 не сформирован чек
bool(false)

27-09-2021 08:32:25 Покупка: 282413 не сформирован чек
string(173) "<html>
<head><title>502 Bad Gateway</title></head>
<body bgcolor="white">
<center><h1>502 Bad Gateway</h1></center>
<hr><center>nginx/1.14.2</center>
</body>
</html>
"

21-10-2021 07:06:16 Покупка: 282724 не сформирован чек
bool(false)

16-12-2021 10:58:13 Покупка: 283706 не сформирован чек
string(43) "{"result":"1001","message":"invalid token"}"

16-12-2021 11:36:52 Покупка: 283707 не сформирован чек
string(43) "{"result":"1001","message":"invalid token"}"

16-12-2021 13:26:39 Покупка: 283708 не сформирован чек
string(43) "{"result":"1001","message":"invalid token"}"

16-12-2021 15:17:00 Покупка: 283709 не сформирован чек
string(43) "{"result":"1001","message":"invalid token"}"

16-12-2021 15:19:02 Покупка: 283710 не сформирован чек
string(43) "{"result":"1001","message":"invalid token"}"

16-12-2021 15:34:00 Покупка: 283711 не сформирован чек
string(43) "{"result":"1001","message":"invalid token"}"

16-12-2021 20:44:14 Покупка: 283712 не сформирован чек
string(43) "{"result":"1001","message":"invalid token"}"

16-12-2021 20:44:33 Покупка: 283712 не сформирован чек
string(43) "{"result":"1001","message":"invalid token"}"

16-12-2021 20:44:48 Покупка: 283712 не сформирован чек
string(43) "{"result":"1001","message":"invalid token"}"

17-12-2021 00:46:40 Покупка: 283715 не сформирован чек
string(43) "{"result":"1001","message":"invalid token"}"

17-12-2021 05:02:43 Покупка: 283719 не сформирован чек
string(43) "{"result":"1001","message":"invalid token"}"

17-12-2021 07:29:37 Покупка: 283720 не сформирован чек
string(43) "{"result":"1001","message":"invalid token"}"

